<?xml version="1.0" encoding="UTF-8"?>
<!-- Generated by org.testng.reporters.JUnitReportReporter -->
<testsuite hostname="DESKTOP-T1JBFJG" failures="0" tests="1" name="testNG.ParallelAndSeriesStudy1" time="60.561" errors="0" timestamp="2022-08-05T09:11:13 IST" skipped="0">
  <testcase classname="testNG.ParallelAndSeriesStudy1" name="B" time="60.561"/>
  <system-out/>
</testsuite> <!-- testNG.ParallelAndSeriesStudy1 -->
