<?xml version="1.0" encoding="UTF-8"?>
<!-- Generated by org.testng.reporters.JUnitReportReporter -->
<testsuite hostname="DESKTOP-T1JBFJG" failures="0" tests="1" name="testNG.AssertEqualNotEqualsStudy" time="0.023" errors="0" timestamp="2022-08-05T08:41:01 IST" skipped="0">
  <testcase classname="testNG.AssertEqualNotEqualsStudy" name="MyStudy" time="0.023"/>
  <system-out/>
</testsuite> <!-- testNG.AssertEqualNotEqualsStudy -->
