<?xml version="1.0" encoding="UTF-8"?>
<!-- Generated by org.testng.reporters.JUnitReportReporter -->
<testsuite hostname="DESKTOP-T1JBFJG" failures="0" tests="1" name="pomStudy.ValidateKiteUserID1" time="6.392" errors="0" timestamp="2022-08-07T16:37:32 IST" skipped="0">
  <testcase classname="pomStudy.ValidateKiteUserID1" name="ValidateID" time="6.392"/>
  <system-out>
    <![CDATA[Validate Actual And Exepected User ID 
Validate Actual And Exepected User ID TC is Passed ]]>
  </system-out>
</testsuite> <!-- pomStudy.ValidateKiteUserID1 -->
