<?xml version="1.0" encoding="UTF-8"?>
<!-- Generated by org.testng.reporters.JUnitReportReporter -->
<testsuite hostname="DESKTOP-T1JBFJG" failures="0" tests="5" name="testNG.GroupStudy$SoftAssertStudy" time="0.055" errors="0" timestamp="2022-08-05T08:56:05 IST" skipped="0">
  <testcase classname="testNG.GroupStudy$SoftAssertStudy" name="B" time="0.026"/>
  <system-out>
    <![CDATA[I am B Method
I am Satish]]>
  </system-out>
  <testcase classname="testNG.GroupStudy$SoftAssertStudy" name="C" time="0.004"/>
  <system-out>
    <![CDATA[I am C Method
I am Laxman]]>
  </system-out>
  <testcase classname="testNG.GroupStudy$SoftAssertStudy" name="A" time="0.007"/>
  <system-out>
    <![CDATA[I am A Method]]>
  </system-out>
  <testcase classname="testNG.GroupStudy$SoftAssertStudy" name="A" time="0.004"/>
  <system-out>
    <![CDATA[I am A Method]]>
  </system-out>
  <testcase classname="testNG.GroupStudy$SoftAssertStudy" name="A" time="0.014"/>
  <system-out>
    <![CDATA[I am A Method]]>
  </system-out>
</testsuite> <!-- testNG.GroupStudy$SoftAssertStudy -->
