<?xml version="1.0" encoding="UTF-8"?>
<!-- Generated by org.testng.reporters.JUnitReportReporter -->
<testsuite hostname="DESKTOP-T1JBFJG" failures="0" tests="1" name="assertStudy.AssertEx1" time="0.062" errors="0" timestamp="2022-08-05T09:24:57 IST" skipped="0">
  <testcase classname="assertStudy.AssertEx1" name="A" time="0.062"/>
  <system-out/>
</testsuite> <!-- assertStudy.AssertEx1 -->
