<?xml version="1.0" encoding="UTF-8"?>
<!-- Generated by org.testng.reporters.JUnitReportReporter -->
<testsuite hostname="DESKTOP-T1JBFJG" failures="0" tests="2" name="exelStudy.compatiBilityTesting" time="217.116" errors="0" timestamp="2022-08-04T10:28:41 IST" skipped="0">
  <testcase classname="exelStudy.compatiBilityTesting" name="ChromeStudy" time="86.081"/>
  <system-out/>
  <testcase classname="exelStudy.compatiBilityTesting" name="FirefoxStudy" time="131.035"/>
  <system-out/>
</testsuite> <!-- exelStudy.compatiBilityTesting -->
