<?xml version="1.0" encoding="UTF-8"?>
<!-- Generated by org.testng.reporters.JUnitReportReporter -->
<testsuite hostname="DESKTOP-T1JBFJG" failures="0" tests="1" name="testNG.ParallelAndSeriesStudy" time="80.673" errors="0" timestamp="2022-08-05T09:11:13 IST" skipped="0">
  <testcase classname="testNG.ParallelAndSeriesStudy" name="A" time="80.673"/>
  <system-out/>
</testsuite> <!-- testNG.ParallelAndSeriesStudy -->
