<?xml version="1.0" encoding="UTF-8"?>
<!-- Generated by org.testng.reporters.JUnitReportReporter -->
<testsuite hostname="DESKTOP-T1JBFJG" failures="0" tests="7" name="testNG.SoftAssertStudy" time="1.192" errors="0" timestamp="2022-08-05T08:24:20 IST" skipped="1">
  <testcase classname="testNG.SoftAssertStudy" name="B" time="0.021"/>
  <system-out>
    <![CDATA[I am B Method
I am Satish]]>
  </system-out>
  <testcase classname="testNG.SoftAssertStudy" name="D" time="1.145"/>
  <system-out>
    <![CDATA[I am D Method
I am Deshmukh]]>
  </system-out>
  <testcase classname="testNG.SoftAssertStudy" name="A" time="0.014"/>
  <system-out>
    <![CDATA[I am A Method]]>
  </system-out>
  <testcase classname="testNG.SoftAssertStudy" name="A" time="0.007"/>
  <system-out>
    <![CDATA[I am A Method]]>
  </system-out>
  <testcase classname="testNG.SoftAssertStudy" name="A" time="0.002"/>
  <system-out>
    <![CDATA[I am A Method]]>
  </system-out>
  <testcase classname="testNG.SoftAssertStudy" name="f" time="0.003"/>
  <system-out>
    <![CDATA[I am F Method
I am Kere]]>
  </system-out>
  <testcase classname="testNG.SoftAssertStudy" name="C">
    <skipped/>
  </testcase> <!-- C -->
  <system-out/>
</testsuite> <!-- testNG.SoftAssertStudy -->
