<?xml version="1.0" encoding="UTF-8"?>
<!-- Generated by org.testng.reporters.JUnitReportReporter -->
<testsuite hostname="DESKTOP-T1JBFJG" failures="0" tests="1" name="validateKIteUserID.ValidateIDTest1" time="20.153" errors="0" timestamp="2022-08-07T14:10:38 IST" skipped="0">
  <testcase classname="validateKIteUserID.ValidateIDTest1" name="ValidateUID" time="20.153"/>
  <system-out>
    <![CDATA[Teken ScreenShot]]>
  </system-out>
</testsuite> <!-- validateKIteUserID.ValidateIDTest1 -->
