<?xml version="1.0" encoding="UTF-8"?>
<!-- Generated by org.testng.reporters.JUnitReportReporter -->
<testsuite hostname="DESKTOP-T1JBFJG" failures="0" tests="1" name="testNG.IncludeStudy" time="0.039" errors="0" timestamp="2022-08-04T10:53:07 IST" skipped="0">
  <testcase classname="testNG.IncludeStudy" name="IncludeStudy1" time="0.039"/>
  <system-out>
    <![CDATA[Hi I am Satish
I Iam Reporter without boolean]]>
  </system-out>
</testsuite> <!-- testNG.IncludeStudy -->
