<?xml version="1.0" encoding="UTF-8"?>
<!-- Generated by org.testng.reporters.JUnitReportReporter -->
<testsuite hostname="DESKTOP-T1JBFJG" failures="0" tests="1" name="testNG.AssertNullNotNullStudy" time="0.029" errors="0" timestamp="2022-08-04T15:08:05 IST" skipped="0">
  <testcase classname="testNG.AssertNullNotNullStudy" name="MyStudy1" time="0.029"/>
  <system-out/>
</testsuite> <!-- testNG.AssertNullNotNullStudy -->
